{"/Users/lerosier/Code/autoformation/Test/smartbookshop/backend/src/app.ts": {"path":"/Users/lerosier/Code/autoformation/Test/smartbookshop/backend/src/app.ts","statementMap":{"0":{"start":{"line":1,"column":0},"end":{"line":1,"column":67}},"1":{"start":{"line":2,"column":0},"end":{"line":2,"column":24}},"2":{"start":{"line":4,"column":0},"end":{"line":4,"column":43}},"3":{"start":{"line":5,"column":0},"end":{"line":5,"column":79}},"4":{"start":{"line":7,"column":12},"end":{"line":7,"column":21}},"5":{"start":{"line":10,"column":0},"end":{"line":10,"column":24}},"6":{"start":{"line":11,"column":0},"end":{"line":11,"column":48}},"7":{"start":{"line":12,"column":0},"end":{"line":12,"column":16}},"8":{"start":{"line":15,"column":0},"end":{"line":17,"column":3}},"9":{"start":{"line":16,"column":2},"end":{"line":16,"column":65}},"10":{"start":{"line":20,"column":0},"end":{"line":20,"column":24}},"11":{"start":{"line":23,"column":0},"end":{"line":23,"column":25}},"12":{"start":{"line":24,"column":0},"end":{"line":24,"column":22}},"13":{"start":{"line":26,"column":0},"end":{"line":26,"column":19}}},"fnMap":{"0":{"name":"(anonymous_1)","decl":{"start":{"line":15,"column":13},"end":{"line":15,"column":14}},"loc":{"start":{"line":15,"column":45},"end":{"line":17,"column":1}}}},"branchMap":{},"s":{"0":3,"1":3,"2":3,"3":3,"4":3,"5":3,"6":3,"7":3,"8":3,"9":0,"10":3,"11":3,"12":3,"13":3},"f":{"0":0},"b":{}}
,"/Users/lerosier/Code/autoformation/Test/smartbookshop/backend/src/config/env.config.ts": {"path":"/Users/lerosier/Code/autoformation/Test/smartbookshop/backend/src/config/env.config.ts","statementMap":{"0":{"start":{"line":1,"column":0},"end":{"line":1,"column":28}},"1":{"start":{"line":2,"column":0},"end":{"line":2,"column":16}},"2":{"start":{"line":4,"column":13},"end":{"line":10,"column":2}}},"fnMap":{},"branchMap":{"0":{"loc":{"start":{"line":5,"column":12},"end":{"line":5,"column":49}},"type":"binary-expr","locations":[{"start":{"line":5,"column":12},"end":{"line":5,"column":32}},{"start":{"line":5,"column":36},"end":{"line":5,"column":49}}]},"1":{"loc":{"start":{"line":6,"column":8},"end":{"line":6,"column":32}},"type":"binary-expr","locations":[{"start":{"line":6,"column":8},"end":{"line":6,"column":24}},{"start":{"line":6,"column":28},"end":{"line":6,"column":32}}]},"2":{"loc":{"start":{"line":7,"column":15},"end":{"line":7,"column":83}},"type":"binary-expr","locations":[{"start":{"line":7,"column":15},"end":{"line":7,"column":38}},{"start":{"line":7,"column":42},"end":{"line":7,"column":83}}]},"3":{"loc":{"start":{"line":8,"column":14},"end":{"line":8,"column":70}},"type":"binary-expr","locations":[{"start":{"line":8,"column":14},"end":{"line":8,"column":36}},{"start":{"line":8,"column":40},"end":{"line":8,"column":70}}]},"4":{"loc":{"start":{"line":9,"column":18},"end":{"line":9,"column":52}},"type":"binary-expr","locations":[{"start":{"line":9,"column":18},"end":{"line":9,"column":44}},{"start":{"line":9,"column":48},"end":{"line":9,"column":52}}]}},"s":{"0":3,"1":3,"2":3},"f":{},"b":{"0":[3,0],"1":[3,0],"2":[3,0],"3":[3,0],"4":[3,0]}}
,"/Users/lerosier/Code/autoformation/Test/smartbookshop/backend/src/controllers/auth.controller.ts": {"path":"/Users/lerosier/Code/autoformation/Test/smartbookshop/backend/src/controllers/auth.controller.ts","statementMap":{"0":{"start":{"line":2,"column":0},"end":{"line":2,"column":52}},"1":{"start":{"line":3,"column":0},"end":{"line":3,"column":72}},"2":{"start":{"line":4,"column":0},"end":{"line":4,"column":51}},"3":{"start":{"line":5,"column":0},"end":{"line":5,"column":59}},"4":{"start":{"line":6,"column":0},"end":{"line":6,"column":43}},"5":{"start":{"line":12,"column":24},"end":{"line":57,"column":1}},"6":{"start":{"line":13,"column":2},"end":{"line":56,"column":3}},"7":{"start":{"line":14,"column":38},"end":{"line":14,"column":46}},"8":{"start":{"line":17,"column":25},"end":{"line":17,"column":54}},"9":{"start":{"line":18,"column":4},"end":{"line":20,"column":5}},"10":{"start":{"line":19,"column":6},"end":{"line":19,"column":60}},"11":{"start":{"line":23,"column":25},"end":{"line":23,"column":53}},"12":{"start":{"line":26,"column":21},"end":{"line":31,"column":6}},"13":{"start":{"line":33,"column":20},"end":{"line":33,"column":47}},"14":{"start":{"line":36,"column":18},"end":{"line":39,"column":6}},"15":{"start":{"line":41,"column":4},"end":{"line":41,"column":56}},"16":{"start":{"line":44,"column":4},"end":{"line":53,"column":7}},"17":{"start":{"line":55,"column":4},"end":{"line":55,"column":16}},"18":{"start":{"line":12,"column":13},"end":{"line":12,"column":24}},"19":{"start":{"line":62,"column":21},"end":{"line":101,"column":1}},"20":{"start":{"line":63,"column":2},"end":{"line":100,"column":3}},"21":{"start":{"line":64,"column":32},"end":{"line":64,"column":40}},"22":{"start":{"line":67,"column":17},"end":{"line":67,"column":53}},"23":{"start":{"line":69,"column":4},"end":{"line":71,"column":5}},"24":{"start":{"line":70,"column":6},"end":{"line":70,"column":65}},"25":{"start":{"line":74,"column":28},"end":{"line":74,"column":78}},"26":{"start":{"line":75,"column":4},"end":{"line":77,"column":5}},"27":{"start":{"line":76,"column":6},"end":{"line":76,"column":65}},"28":{"start":{"line":80,"column":18},"end":{"line":83,"column":6}},"29":{"start":{"line":85,"column":4},"end":{"line":85,"column":50}},"30":{"start":{"line":88,"column":4},"end":{"line":97,"column":7}},"31":{"start":{"line":99,"column":4},"end":{"line":99,"column":16}},"32":{"start":{"line":62,"column":13},"end":{"line":62,"column":21}}},"fnMap":{"0":{"name":"(anonymous_1)","decl":{"start":{"line":12,"column":24},"end":{"line":12,"column":29}},"loc":{"start":{"line":12,"column":82},"end":{"line":57,"column":1}}},"1":{"name":"(anonymous_2)","decl":{"start":{"line":62,"column":21},"end":{"line":62,"column":26}},"loc":{"start":{"line":62,"column":79},"end":{"line":101,"column":1}}}},"branchMap":{"0":{"loc":{"start":{"line":18,"column":4},"end":{"line":20,"column":5}},"type":"if","locations":[{"start":{"line":18,"column":4},"end":{"line":20,"column":5}}]},"1":{"loc":{"start":{"line":69,"column":4},"end":{"line":71,"column":5}},"type":"if","locations":[{"start":{"line":69,"column":4},"end":{"line":71,"column":5}}]},"2":{"loc":{"start":{"line":75,"column":4},"end":{"line":77,"column":5}},"type":"if","locations":[{"start":{"line":75,"column":4},"end":{"line":77,"column":5}}]}},"s":{"0":3,"1":3,"2":3,"3":3,"4":3,"5":3,"6":2,"7":2,"8":2,"9":2,"10":1,"11":1,"12":1,"13":1,"14":1,"15":1,"16":1,"17":1,"18":3,"19":3,"20":2,"21":2,"22":2,"23":2,"24":1,"25":1,"26":1,"27":0,"28":1,"29":1,"30":1,"31":1,"32":3},"f":{"0":2,"1":2},"b":{"0":[1],"1":[1],"2":[0]}}
,"/Users/lerosier/Code/autoformation/Test/smartbookshop/backend/src/controllers/book.controller.ts": {"path":"/Users/lerosier/Code/autoformation/Test/smartbookshop/backend/src/controllers/book.controller.ts","statementMap":{"0":{"start":{"line":2,"column":0},"end":{"line":2,"column":45}},"1":{"start":{"line":3,"column":0},"end":{"line":3,"column":59}},"2":{"start":{"line":4,"column":0},"end":{"line":4,"column":43}},"3":{"start":{"line":9,"column":27},"end":{"line":16,"column":1}},"4":{"start":{"line":10,"column":2},"end":{"line":15,"column":3}},"5":{"start":{"line":11,"column":18},"end":{"line":11,"column":35}},"6":{"start":{"line":12,"column":4},"end":{"line":12,"column":20}},"7":{"start":{"line":14,"column":4},"end":{"line":14,"column":16}},"8":{"start":{"line":9,"column":13},"end":{"line":9,"column":27}},"9":{"start":{"line":21,"column":27},"end":{"line":31,"column":1}},"10":{"start":{"line":22,"column":2},"end":{"line":30,"column":3}},"11":{"start":{"line":23,"column":17},"end":{"line":23,"column":51}},"12":{"start":{"line":24,"column":4},"end":{"line":26,"column":5}},"13":{"start":{"line":25,"column":6},"end":{"line":25,"column":50}},"14":{"start":{"line":27,"column":4},"end":{"line":27,"column":19}},"15":{"start":{"line":29,"column":4},"end":{"line":29,"column":16}},"16":{"start":{"line":21,"column":13},"end":{"line":21,"column":27}},"17":{"start":{"line":36,"column":26},"end":{"line":64,"column":1}},"18":{"start":{"line":37,"column":2},"end":{"line":63,"column":3}},"19":{"start":{"line":38,"column":67},"end":{"line":38,"column":75}},"20":{"start":{"line":41,"column":25},"end":{"line":41,"column":54}},"21":{"start":{"line":42,"column":4},"end":{"line":44,"column":5}},"22":{"start":{"line":43,"column":6},"end":{"line":43,"column":68}},"23":{"start":{"line":46,"column":17},"end":{"line":53,"column":6}},"24":{"start":{"line":55,"column":4},"end":{"line":55,"column":62}},"25":{"start":{"line":57,"column":4},"end":{"line":60,"column":7}},"26":{"start":{"line":62,"column":4},"end":{"line":62,"column":16}},"27":{"start":{"line":36,"column":13},"end":{"line":36,"column":26}},"28":{"start":{"line":69,"column":26},"end":{"line":92,"column":1}},"29":{"start":{"line":70,"column":2},"end":{"line":91,"column":3}},"30":{"start":{"line":71,"column":67},"end":{"line":71,"column":75}},"31":{"start":{"line":73,"column":17},"end":{"line":76,"column":null}},"32":{"start":{"line":79,"column":4},"end":{"line":81,"column":5}},"33":{"start":{"line":80,"column":6},"end":{"line":80,"column":50}},"34":{"start":{"line":83,"column":4},"end":{"line":83,"column":49}},"35":{"start":{"line":85,"column":4},"end":{"line":88,"column":7}},"36":{"start":{"line":90,"column":4},"end":{"line":90,"column":16}},"37":{"start":{"line":69,"column":13},"end":{"line":69,"column":26}},"38":{"start":{"line":97,"column":26},"end":{"line":113,"column":1}},"39":{"start":{"line":98,"column":2},"end":{"line":112,"column":3}},"40":{"start":{"line":99,"column":17},"end":{"line":99,"column":60}},"41":{"start":{"line":101,"column":4},"end":{"line":103,"column":5}},"42":{"start":{"line":102,"column":6},"end":{"line":102,"column":50}},"43":{"start":{"line":105,"column":4},"end":{"line":105,"column":47}},"44":{"start":{"line":107,"column":4},"end":{"line":109,"column":7}},"45":{"start":{"line":111,"column":4},"end":{"line":111,"column":16}},"46":{"start":{"line":97,"column":13},"end":{"line":97,"column":26}}},"fnMap":{"0":{"name":"(anonymous_1)","decl":{"start":{"line":9,"column":27},"end":{"line":9,"column":32}},"loc":{"start":{"line":9,"column":85},"end":{"line":16,"column":1}}},"1":{"name":"(anonymous_2)","decl":{"start":{"line":21,"column":27},"end":{"line":21,"column":32}},"loc":{"start":{"line":21,"column":85},"end":{"line":31,"column":1}}},"2":{"name":"(anonymous_3)","decl":{"start":{"line":36,"column":26},"end":{"line":36,"column":31}},"loc":{"start":{"line":36,"column":84},"end":{"line":64,"column":1}}},"3":{"name":"(anonymous_4)","decl":{"start":{"line":69,"column":26},"end":{"line":69,"column":31}},"loc":{"start":{"line":69,"column":84},"end":{"line":92,"column":1}}},"4":{"name":"(anonymous_5)","decl":{"start":{"line":97,"column":26},"end":{"line":97,"column":31}},"loc":{"start":{"line":97,"column":84},"end":{"line":113,"column":1}}}},"branchMap":{"0":{"loc":{"start":{"line":24,"column":4},"end":{"line":26,"column":5}},"type":"if","locations":[{"start":{"line":24,"column":4},"end":{"line":26,"column":5}}]},"1":{"loc":{"start":{"line":42,"column":4},"end":{"line":44,"column":5}},"type":"if","locations":[{"start":{"line":42,"column":4},"end":{"line":44,"column":5}}]},"2":{"loc":{"start":{"line":79,"column":4},"end":{"line":81,"column":5}},"type":"if","locations":[{"start":{"line":79,"column":4},"end":{"line":81,"column":5}}]},"3":{"loc":{"start":{"line":101,"column":4},"end":{"line":103,"column":5}},"type":"if","locations":[{"start":{"line":101,"column":4},"end":{"line":103,"column":5}}]}},"s":{"0":3,"1":3,"2":3,"3":3,"4":1,"5":1,"6":1,"7":0,"8":3,"9":3,"10":3,"11":3,"12":3,"13":2,"14":1,"15":2,"16":3,"17":3,"18":1,"19":1,"20":1,"21":1,"22":0,"23":1,"24":1,"25":1,"26":0,"27":3,"28":3,"29":1,"30":1,"31":1,"32":1,"33":0,"34":1,"35":1,"36":0,"37":3,"38":3,"39":1,"40":1,"41":1,"42":0,"43":1,"44":1,"45":0,"46":3},"f":{"0":1,"1":3,"2":1,"3":1,"4":1},"b":{"0":[2],"1":[0],"2":[0],"3":[0]}}
,"/Users/lerosier/Code/autoformation/Test/smartbookshop/backend/src/controllers/cart.controller.ts": {"path":"/Users/lerosier/Code/autoformation/Test/smartbookshop/backend/src/controllers/cart.controller.ts","statementMap":{"0":{"start":{"line":2,"column":0},"end":{"line":2,"column":51}},"1":{"start":{"line":3,"column":0},"end":{"line":3,"column":59}},"2":{"start":{"line":9,"column":23},"end":{"line":26,"column":1}},"3":{"start":{"line":10,"column":2},"end":{"line":25,"column":3}},"4":{"start":{"line":11,"column":4},"end":{"line":13,"column":5}},"5":{"start":{"line":12,"column":6},"end":{"line":12,"column":61}},"6":{"start":{"line":15,"column":15},"end":{"line":15,"column":87}},"7":{"start":{"line":18,"column":4},"end":{"line":20,"column":5}},"8":{"start":{"line":19,"column":6},"end":{"line":19,"column":71}},"9":{"start":{"line":22,"column":4},"end":{"line":22,"column":19}},"10":{"start":{"line":24,"column":4},"end":{"line":24,"column":16}},"11":{"start":{"line":9,"column":13},"end":{"line":9,"column":23}},"12":{"start":{"line":31,"column":29},"end":{"line":92,"column":1}},"13":{"start":{"line":32,"column":2},"end":{"line":91,"column":3}},"14":{"start":{"line":33,"column":4},"end":{"line":35,"column":5}},"15":{"start":{"line":34,"column":6},"end":{"line":34,"column":61}},"16":{"start":{"line":37,"column":33},"end":{"line":37,"column":41}},"17":{"start":{"line":40,"column":4},"end":{"line":42,"column":5}},"18":{"start":{"line":41,"column":6},"end":{"line":41,"column":61}},"19":{"start":{"line":44,"column":4},"end":{"line":46,"column":5}},"20":{"start":{"line":45,"column":6},"end":{"line":45,"column":73}},"21":{"start":{"line":49,"column":17},"end":{"line":49,"column":44}},"22":{"start":{"line":50,"column":4},"end":{"line":52,"column":5}},"23":{"start":{"line":51,"column":6},"end":{"line":51,"column":50}},"24":{"start":{"line":55,"column":4},"end":{"line":57,"column":5}},"25":{"start":{"line":56,"column":6},"end":{"line":56,"column":51}},"26":{"start":{"line":60,"column":15},"end":{"line":60,"column":62}},"27":{"start":{"line":61,"column":4},"end":{"line":66,"column":5}},"28":{"start":{"line":62,"column":6},"end":{"line":65,"column":9}},"29":{"start":{"line":69,"column":22},"end":{"line":69,"column":85}},"30":{"start":{"line":69,"column":51},"end":{"line":69,"column":84}},"31":{"start":{"line":71,"column":4},"end":{"line":80,"column":5}},"32":{"start":{"line":73,"column":6},"end":{"line":73,"column":49}},"33":{"start":{"line":76,"column":6},"end":{"line":79,"column":9}},"34":{"start":{"line":83,"column":4},"end":{"line":83,"column":22}},"35":{"start":{"line":85,"column":4},"end":{"line":88,"column":7}},"36":{"start":{"line":90,"column":4},"end":{"line":90,"column":16}},"37":{"start":{"line":31,"column":13},"end":{"line":31,"column":29}},"38":{"start":{"line":97,"column":30},"end":{"line":149,"column":1}},"39":{"start":{"line":98,"column":2},"end":{"line":148,"column":3}},"40":{"start":{"line":99,"column":4},"end":{"line":101,"column":5}},"41":{"start":{"line":100,"column":6},"end":{"line":100,"column":61}},"42":{"start":{"line":103,"column":23},"end":{"line":103,"column":33}},"43":{"start":{"line":104,"column":25},"end":{"line":104,"column":33}},"44":{"start":{"line":107,"column":4},"end":{"line":109,"column":5}},"45":{"start":{"line":108,"column":6},"end":{"line":108,"column":64}},"46":{"start":{"line":112,"column":17},"end":{"line":112,"column":44}},"47":{"start":{"line":113,"column":4},"end":{"line":115,"column":5}},"48":{"start":{"line":114,"column":6},"end":{"line":114,"column":50}},"49":{"start":{"line":117,"column":4},"end":{"line":119,"column":5}},"50":{"start":{"line":118,"column":6},"end":{"line":118,"column":51}},"51":{"start":{"line":122,"column":17},"end":{"line":122,"column":64}},"52":{"start":{"line":123,"column":4},"end":{"line":125,"column":5}},"53":{"start":{"line":124,"column":6},"end":{"line":124,"column":51}},"54":{"start":{"line":128,"column":22},"end":{"line":128,"column":85}},"55":{"start":{"line":128,"column":51},"end":{"line":128,"column":84}},"56":{"start":{"line":129,"column":4},"end":{"line":131,"column":5}},"57":{"start":{"line":130,"column":6},"end":{"line":130,"column":67}},"58":{"start":{"line":134,"column":4},"end":{"line":134,"column":46}},"59":{"start":{"line":137,"column":4},"end":{"line":137,"column":22}},"60":{"start":{"line":140,"column":26},"end":{"line":140,"column":80}},"61":{"start":{"line":142,"column":4},"end":{"line":145,"column":7}},"62":{"start":{"line":147,"column":4},"end":{"line":147,"column":16}},"63":{"start":{"line":97,"column":13},"end":{"line":97,"column":30}},"64":{"start":{"line":154,"column":30},"end":{"line":181,"column":1}},"65":{"start":{"line":155,"column":2},"end":{"line":180,"column":3}},"66":{"start":{"line":156,"column":4},"end":{"line":158,"column":5}},"67":{"start":{"line":157,"column":6},"end":{"line":157,"column":61}},"68":{"start":{"line":160,"column":23},"end":{"line":160,"column":33}},"69":{"start":{"line":163,"column":17},"end":{"line":163,"column":64}},"70":{"start":{"line":164,"column":4},"end":{"line":166,"column":5}},"71":{"start":{"line":165,"column":6},"end":{"line":165,"column":51}},"72":{"start":{"line":169,"column":4},"end":{"line":169,"column":78}},"73":{"start":{"line":169,"column":43},"end":{"line":169,"column":76}},"74":{"start":{"line":172,"column":4},"end":{"line":172,"column":22}},"75":{"start":{"line":174,"column":4},"end":{"line":177,"column":7}},"76":{"start":{"line":179,"column":4},"end":{"line":179,"column":16}},"77":{"start":{"line":154,"column":13},"end":{"line":154,"column":30}},"78":{"start":{"line":186,"column":25},"end":{"line":211,"column":1}},"79":{"start":{"line":187,"column":2},"end":{"line":210,"column":3}},"80":{"start":{"line":188,"column":4},"end":{"line":190,"column":5}},"81":{"start":{"line":189,"column":6},"end":{"line":189,"column":61}},"82":{"start":{"line":193,"column":17},"end":{"line":193,"column":64}},"83":{"start":{"line":194,"column":4},"end":{"line":196,"column":5}},"84":{"start":{"line":195,"column":6},"end":{"line":195,"column":51}},"85":{"start":{"line":199,"column":4},"end":{"line":199,"column":20}},"86":{"start":{"line":202,"column":4},"end":{"line":202,"column":22}},"87":{"start":{"line":204,"column":4},"end":{"line":207,"column":7}},"88":{"start":{"line":209,"column":4},"end":{"line":209,"column":16}},"89":{"start":{"line":186,"column":13},"end":{"line":186,"column":25}}},"fnMap":{"0":{"name":"(anonymous_0)","decl":{"start":{"line":9,"column":23},"end":{"line":9,"column":28}},"loc":{"start":{"line":9,"column":81},"end":{"line":26,"column":1}}},"1":{"name":"(anonymous_1)","decl":{"start":{"line":31,"column":29},"end":{"line":31,"column":34}},"loc":{"start":{"line":31,"column":87},"end":{"line":92,"column":1}}},"2":{"name":"(anonymous_2)","decl":{"start":{"line":69,"column":43},"end":{"line":69,"column":47}},"loc":{"start":{"line":69,"column":51},"end":{"line":69,"column":84}}},"3":{"name":"(anonymous_3)","decl":{"start":{"line":97,"column":30},"end":{"line":97,"column":35}},"loc":{"start":{"line":97,"column":88},"end":{"line":149,"column":1}}},"4":{"name":"(anonymous_4)","decl":{"start":{"line":128,"column":43},"end":{"line":128,"column":47}},"loc":{"start":{"line":128,"column":51},"end":{"line":128,"column":84}}},"5":{"name":"(anonymous_5)","decl":{"start":{"line":154,"column":30},"end":{"line":154,"column":35}},"loc":{"start":{"line":154,"column":88},"end":{"line":181,"column":1}}},"6":{"name":"(anonymous_6)","decl":{"start":{"line":169,"column":35},"end":{"line":169,"column":39}},"loc":{"start":{"line":169,"column":43},"end":{"line":169,"column":76}}},"7":{"name":"(anonymous_7)","decl":{"start":{"line":186,"column":25},"end":{"line":186,"column":30}},"loc":{"start":{"line":186,"column":83},"end":{"line":211,"column":1}}}},"branchMap":{"0":{"loc":{"start":{"line":11,"column":4},"end":{"line":13,"column":5}},"type":"if","locations":[{"start":{"line":11,"column":4},"end":{"line":13,"column":5}}]},"1":{"loc":{"start":{"line":18,"column":4},"end":{"line":20,"column":5}},"type":"if","locations":[{"start":{"line":18,"column":4},"end":{"line":20,"column":5}}]},"2":{"loc":{"start":{"line":33,"column":4},"end":{"line":35,"column":5}},"type":"if","locations":[{"start":{"line":33,"column":4},"end":{"line":35,"column":5}}]},"3":{"loc":{"start":{"line":40,"column":4},"end":{"line":42,"column":5}},"type":"if","locations":[{"start":{"line":40,"column":4},"end":{"line":42,"column":5}}]},"4":{"loc":{"start":{"line":44,"column":4},"end":{"line":46,"column":5}},"type":"if","locations":[{"start":{"line":44,"column":4},"end":{"line":46,"column":5}}]},"5":{"loc":{"start":{"line":44,"column":8},"end":{"line":44,"column":53}},"type":"binary-expr","locations":[{"start":{"line":44,"column":8},"end":{"line":44,"column":17}},{"start":{"line":44,"column":21},"end":{"line":44,"column":36}},{"start":{"line":44,"column":40},"end":{"line":44,"column":53}}]},"6":{"loc":{"start":{"line":50,"column":4},"end":{"line":52,"column":5}},"type":"if","locations":[{"start":{"line":50,"column":4},"end":{"line":52,"column":5}}]},"7":{"loc":{"start":{"line":55,"column":4},"end":{"line":57,"column":5}},"type":"if","locations":[{"start":{"line":55,"column":4},"end":{"line":57,"column":5}}]},"8":{"loc":{"start":{"line":61,"column":4},"end":{"line":66,"column":5}},"type":"if","locations":[{"start":{"line":61,"column":4},"end":{"line":66,"column":5}}]},"9":{"loc":{"start":{"line":71,"column":4},"end":{"line":80,"column":5}},"type":"if","locations":[{"start":{"line":71,"column":4},"end":{"line":80,"column":5}},{"start":{"line":74,"column":11},"end":{"line":80,"column":5}}]},"10":{"loc":{"start":{"line":99,"column":4},"end":{"line":101,"column":5}},"type":"if","locations":[{"start":{"line":99,"column":4},"end":{"line":101,"column":5}}]},"11":{"loc":{"start":{"line":107,"column":4},"end":{"line":109,"column":5}},"type":"if","locations":[{"start":{"line":107,"column":4},"end":{"line":109,"column":5}}]},"12":{"loc":{"start":{"line":113,"column":4},"end":{"line":115,"column":5}},"type":"if","locations":[{"start":{"line":113,"column":4},"end":{"line":115,"column":5}}]},"13":{"loc":{"start":{"line":117,"column":4},"end":{"line":119,"column":5}},"type":"if","locations":[{"start":{"line":117,"column":4},"end":{"line":119,"column":5}}]},"14":{"loc":{"start":{"line":123,"column":4},"end":{"line":125,"column":5}},"type":"if","locations":[{"start":{"line":123,"column":4},"end":{"line":125,"column":5}}]},"15":{"loc":{"start":{"line":129,"column":4},"end":{"line":131,"column":5}},"type":"if","locations":[{"start":{"line":129,"column":4},"end":{"line":131,"column":5}}]},"16":{"loc":{"start":{"line":156,"column":4},"end":{"line":158,"column":5}},"type":"if","locations":[{"start":{"line":156,"column":4},"end":{"line":158,"column":5}}]},"17":{"loc":{"start":{"line":164,"column":4},"end":{"line":166,"column":5}},"type":"if","locations":[{"start":{"line":164,"column":4},"end":{"line":166,"column":5}}]},"18":{"loc":{"start":{"line":188,"column":4},"end":{"line":190,"column":5}},"type":"if","locations":[{"start":{"line":188,"column":4},"end":{"line":190,"column":5}}]},"19":{"loc":{"start":{"line":194,"column":4},"end":{"line":196,"column":5}},"type":"if","locations":[{"start":{"line":194,"column":4},"end":{"line":196,"column":5}}]}},"s":{"0":3,"1":3,"2":3,"3":1,"4":1,"5":0,"6":1,"7":1,"8":1,"9":1,"10":0,"11":3,"12":3,"13":7,"14":7,"15":0,"16":7,"17":7,"18":0,"19":7,"20":1,"21":6,"22":6,"23":0,"24":6,"25":0,"26":6,"27":6,"28":5,"29":6,"30":1,"31":6,"32":1,"33":5,"34":6,"35":6,"36":1,"37":3,"38":3,"39":1,"40":1,"41":0,"42":1,"43":1,"44":1,"45":0,"46":1,"47":1,"48":0,"49":1,"50":0,"51":1,"52":1,"53":0,"54":1,"55":1,"56":1,"57":0,"58":1,"59":1,"60":1,"61":1,"62":0,"63":3,"64":3,"65":1,"66":1,"67":0,"68":1,"69":1,"70":1,"71":0,"72":1,"73":1,"74":1,"75":1,"76":0,"77":3,"78":3,"79":1,"80":1,"81":0,"82":1,"83":1,"84":0,"85":1,"86":1,"87":1,"88":0,"89":3},"f":{"0":1,"1":7,"2":1,"3":1,"4":1,"5":1,"6":1,"7":1},"b":{"0":[0],"1":[1],"2":[0],"3":[0],"4":[1],"5":[7,7,7],"6":[0],"7":[0],"8":[5],"9":[1,5],"10":[0],"11":[0],"12":[0],"13":[0],"14":[0],"15":[0],"16":[0],"17":[0],"18":[0],"19":[0]}}
,"/Users/lerosier/Code/autoformation/Test/smartbookshop/backend/src/controllers/user.controller.ts": {"path":"/Users/lerosier/Code/autoformation/Test/smartbookshop/backend/src/controllers/user.controller.ts","statementMap":{"0":{"start":{"line":2,"column":0},"end":{"line":2,"column":45}},"1":{"start":{"line":3,"column":0},"end":{"line":3,"column":55}},"2":{"start":{"line":4,"column":0},"end":{"line":4,"column":59}},"3":{"start":{"line":5,"column":0},"end":{"line":5,"column":43}},"4":{"start":{"line":10,"column":26},"end":{"line":26,"column":1}},"5":{"start":{"line":11,"column":2},"end":{"line":25,"column":3}},"6":{"start":{"line":12,"column":4},"end":{"line":14,"column":5}},"7":{"start":{"line":13,"column":6},"end":{"line":13,"column":61}},"8":{"start":{"line":16,"column":17},"end":{"line":16,"column":77}},"9":{"start":{"line":18,"column":4},"end":{"line":20,"column":5}},"10":{"start":{"line":19,"column":6},"end":{"line":19,"column":56}},"11":{"start":{"line":22,"column":4},"end":{"line":22,"column":19}},"12":{"start":{"line":24,"column":4},"end":{"line":24,"column":16}},"13":{"start":{"line":10,"column":13},"end":{"line":10,"column":26}},"14":{"start":{"line":31,"column":29},"end":{"line":73,"column":1}},"15":{"start":{"line":32,"column":2},"end":{"line":72,"column":3}},"16":{"start":{"line":33,"column":4},"end":{"line":35,"column":5}},"17":{"start":{"line":34,"column":6},"end":{"line":34,"column":61}},"18":{"start":{"line":37,"column":38},"end":{"line":37,"column":46}},"19":{"start":{"line":40,"column":4},"end":{"line":45,"column":5}},"20":{"start":{"line":41,"column":26},"end":{"line":41,"column":86}},"21":{"start":{"line":42,"column":6},"end":{"line":44,"column":7}},"22":{"start":{"line":43,"column":8},"end":{"line":43,"column":82}},"23":{"start":{"line":48,"column":28},"end":{"line":48,"column":30}},"24":{"start":{"line":49,"column":4},"end":{"line":49,"column":37}},"25":{"start":{"line":49,"column":14},"end":{"line":49,"column":37}},"26":{"start":{"line":50,"column":4},"end":{"line":50,"column":40}},"27":{"start":{"line":50,"column":15},"end":{"line":50,"column":40}},"28":{"start":{"line":51,"column":4},"end":{"line":51,"column":73}},"29":{"start":{"line":51,"column":18},"end":{"line":51,"column":73}},"30":{"start":{"line":54,"column":17},"end":{"line":58,"column":29}},"31":{"start":{"line":60,"column":4},"end":{"line":62,"column":5}},"32":{"start":{"line":61,"column":6},"end":{"line":61,"column":56}},"33":{"start":{"line":64,"column":4},"end":{"line":64,"column":55}},"34":{"start":{"line":66,"column":4},"end":{"line":69,"column":7}},"35":{"start":{"line":71,"column":4},"end":{"line":71,"column":16}},"36":{"start":{"line":31,"column":13},"end":{"line":31,"column":29}},"37":{"start":{"line":78,"column":29},"end":{"line":98,"column":1}},"38":{"start":{"line":79,"column":2},"end":{"line":97,"column":3}},"39":{"start":{"line":80,"column":4},"end":{"line":82,"column":5}},"40":{"start":{"line":81,"column":6},"end":{"line":81,"column":61}},"41":{"start":{"line":84,"column":17},"end":{"line":84,"column":62}},"42":{"start":{"line":86,"column":4},"end":{"line":88,"column":5}},"43":{"start":{"line":87,"column":6},"end":{"line":87,"column":56}},"44":{"start":{"line":90,"column":4},"end":{"line":90,"column":53}},"45":{"start":{"line":92,"column":4},"end":{"line":94,"column":7}},"46":{"start":{"line":96,"column":4},"end":{"line":96,"column":16}},"47":{"start":{"line":78,"column":13},"end":{"line":78,"column":29}},"48":{"start":{"line":105,"column":27},"end":{"line":112,"column":1}},"49":{"start":{"line":106,"column":2},"end":{"line":111,"column":3}},"50":{"start":{"line":107,"column":18},"end":{"line":107,"column":59}},"51":{"start":{"line":108,"column":4},"end":{"line":108,"column":20}},"52":{"start":{"line":110,"column":4},"end":{"line":110,"column":16}},"53":{"start":{"line":105,"column":13},"end":{"line":105,"column":27}},"54":{"start":{"line":117,"column":27},"end":{"line":129,"column":1}},"55":{"start":{"line":118,"column":2},"end":{"line":128,"column":3}},"56":{"start":{"line":119,"column":17},"end":{"line":119,"column":75}},"57":{"start":{"line":121,"column":4},"end":{"line":123,"column":5}},"58":{"start":{"line":122,"column":6},"end":{"line":122,"column":56}},"59":{"start":{"line":125,"column":4},"end":{"line":125,"column":19}},"60":{"start":{"line":127,"column":4},"end":{"line":127,"column":16}},"61":{"start":{"line":117,"column":13},"end":{"line":117,"column":27}},"62":{"start":{"line":134,"column":26},"end":{"line":173,"column":1}},"63":{"start":{"line":135,"column":2},"end":{"line":172,"column":3}},"64":{"start":{"line":136,"column":44},"end":{"line":136,"column":52}},"65":{"start":{"line":139,"column":4},"end":{"line":144,"column":5}},"66":{"start":{"line":140,"column":26},"end":{"line":140,"column":84}},"67":{"start":{"line":141,"column":6},"end":{"line":143,"column":7}},"68":{"start":{"line":142,"column":8},"end":{"line":142,"column":82}},"69":{"start":{"line":147,"column":28},"end":{"line":147,"column":30}},"70":{"start":{"line":148,"column":4},"end":{"line":148,"column":37}},"71":{"start":{"line":148,"column":14},"end":{"line":148,"column":37}},"72":{"start":{"line":149,"column":4},"end":{"line":149,"column":40}},"73":{"start":{"line":149,"column":15},"end":{"line":149,"column":40}},"74":{"start":{"line":150,"column":4},"end":{"line":150,"column":37}},"75":{"start":{"line":150,"column":14},"end":{"line":150,"column":37}},"76":{"start":{"line":151,"column":4},"end":{"line":151,"column":73}},"77":{"start":{"line":151,"column":18},"end":{"line":151,"column":73}},"78":{"start":{"line":154,"column":17},"end":{"line":158,"column":29}},"79":{"start":{"line":160,"column":4},"end":{"line":162,"column":5}},"80":{"start":{"line":161,"column":6},"end":{"line":161,"column":56}},"81":{"start":{"line":164,"column":4},"end":{"line":164,"column":64}},"82":{"start":{"line":166,"column":4},"end":{"line":169,"column":7}},"83":{"start":{"line":171,"column":4},"end":{"line":171,"column":16}},"84":{"start":{"line":134,"column":13},"end":{"line":134,"column":26}},"85":{"start":{"line":178,"column":26},"end":{"line":194,"column":1}},"86":{"start":{"line":179,"column":2},"end":{"line":193,"column":3}},"87":{"start":{"line":180,"column":17},"end":{"line":180,"column":60}},"88":{"start":{"line":182,"column":4},"end":{"line":184,"column":5}},"89":{"start":{"line":183,"column":6},"end":{"line":183,"column":56}},"90":{"start":{"line":186,"column":4},"end":{"line":186,"column":62}},"91":{"start":{"line":188,"column":4},"end":{"line":190,"column":7}},"92":{"start":{"line":192,"column":4},"end":{"line":192,"column":16}},"93":{"start":{"line":178,"column":13},"end":{"line":178,"column":26}}},"fnMap":{"0":{"name":"(anonymous_1)","decl":{"start":{"line":10,"column":26},"end":{"line":10,"column":31}},"loc":{"start":{"line":10,"column":84},"end":{"line":26,"column":1}}},"1":{"name":"(anonymous_2)","decl":{"start":{"line":31,"column":29},"end":{"line":31,"column":34}},"loc":{"start":{"line":31,"column":87},"end":{"line":73,"column":1}}},"2":{"name":"(anonymous_3)","decl":{"start":{"line":78,"column":29},"end":{"line":78,"column":34}},"loc":{"start":{"line":78,"column":87},"end":{"line":98,"column":1}}},"3":{"name":"(anonymous_4)","decl":{"start":{"line":105,"column":27},"end":{"line":105,"column":32}},"loc":{"start":{"line":105,"column":85},"end":{"line":112,"column":1}}},"4":{"name":"(anonymous_5)","decl":{"start":{"line":117,"column":27},"end":{"line":117,"column":32}},"loc":{"start":{"line":117,"column":85},"end":{"line":129,"column":1}}},"5":{"name":"(anonymous_6)","decl":{"start":{"line":134,"column":26},"end":{"line":134,"column":31}},"loc":{"start":{"line":134,"column":84},"end":{"line":173,"column":1}}},"6":{"name":"(anonymous_7)","decl":{"start":{"line":178,"column":26},"end":{"line":178,"column":31}},"loc":{"start":{"line":178,"column":84},"end":{"line":194,"column":1}}}},"branchMap":{"0":{"loc":{"start":{"line":12,"column":4},"end":{"line":14,"column":5}},"type":"if","locations":[{"start":{"line":12,"column":4},"end":{"line":14,"column":5}}]},"1":{"loc":{"start":{"line":18,"column":4},"end":{"line":20,"column":5}},"type":"if","locations":[{"start":{"line":18,"column":4},"end":{"line":20,"column":5}}]},"2":{"loc":{"start":{"line":33,"column":4},"end":{"line":35,"column":5}},"type":"if","locations":[{"start":{"line":33,"column":4},"end":{"line":35,"column":5}}]},"3":{"loc":{"start":{"line":40,"column":4},"end":{"line":45,"column":5}},"type":"if","locations":[{"start":{"line":40,"column":4},"end":{"line":45,"column":5}}]},"4":{"loc":{"start":{"line":42,"column":6},"end":{"line":44,"column":7}},"type":"if","locations":[{"start":{"line":42,"column":6},"end":{"line":44,"column":7}}]},"5":{"loc":{"start":{"line":49,"column":4},"end":{"line":49,"column":37}},"type":"if","locations":[{"start":{"line":49,"column":4},"end":{"line":49,"column":37}}]},"6":{"loc":{"start":{"line":50,"column":4},"end":{"line":50,"column":40}},"type":"if","locations":[{"start":{"line":50,"column":4},"end":{"line":50,"column":40}}]},"7":{"loc":{"start":{"line":51,"column":4},"end":{"line":51,"column":73}},"type":"if","locations":[{"start":{"line":51,"column":4},"end":{"line":51,"column":73}}]},"8":{"loc":{"start":{"line":60,"column":4},"end":{"line":62,"column":5}},"type":"if","locations":[{"start":{"line":60,"column":4},"end":{"line":62,"column":5}}]},"9":{"loc":{"start":{"line":80,"column":4},"end":{"line":82,"column":5}},"type":"if","locations":[{"start":{"line":80,"column":4},"end":{"line":82,"column":5}}]},"10":{"loc":{"start":{"line":86,"column":4},"end":{"line":88,"column":5}},"type":"if","locations":[{"start":{"line":86,"column":4},"end":{"line":88,"column":5}}]},"11":{"loc":{"start":{"line":121,"column":4},"end":{"line":123,"column":5}},"type":"if","locations":[{"start":{"line":121,"column":4},"end":{"line":123,"column":5}}]},"12":{"loc":{"start":{"line":139,"column":4},"end":{"line":144,"column":5}},"type":"if","locations":[{"start":{"line":139,"column":4},"end":{"line":144,"column":5}}]},"13":{"loc":{"start":{"line":141,"column":6},"end":{"line":143,"column":7}},"type":"if","locations":[{"start":{"line":141,"column":6},"end":{"line":143,"column":7}}]},"14":{"loc":{"start":{"line":148,"column":4},"end":{"line":148,"column":37}},"type":"if","locations":[{"start":{"line":148,"column":4},"end":{"line":148,"column":37}}]},"15":{"loc":{"start":{"line":149,"column":4},"end":{"line":149,"column":40}},"type":"if","locations":[{"start":{"line":149,"column":4},"end":{"line":149,"column":40}}]},"16":{"loc":{"start":{"line":150,"column":4},"end":{"line":150,"column":37}},"type":"if","locations":[{"start":{"line":150,"column":4},"end":{"line":150,"column":37}}]},"17":{"loc":{"start":{"line":151,"column":4},"end":{"line":151,"column":73}},"type":"if","locations":[{"start":{"line":151,"column":4},"end":{"line":151,"column":73}}]},"18":{"loc":{"start":{"line":160,"column":4},"end":{"line":162,"column":5}},"type":"if","locations":[{"start":{"line":160,"column":4},"end":{"line":162,"column":5}}]},"19":{"loc":{"start":{"line":182,"column":4},"end":{"line":184,"column":5}},"type":"if","locations":[{"start":{"line":182,"column":4},"end":{"line":184,"column":5}}]}},"s":{"0":3,"1":3,"2":3,"3":3,"4":3,"5":0,"6":0,"7":0,"8":0,"9":0,"10":0,"11":0,"12":0,"13":3,"14":3,"15":0,"16":0,"17":0,"18":0,"19":0,"20":0,"21":0,"22":0,"23":0,"24":0,"25":0,"26":0,"27":0,"28":0,"29":0,"30":0,"31":0,"32":0,"33":0,"34":0,"35":0,"36":3,"37":3,"38":0,"39":0,"40":0,"41":0,"42":0,"43":0,"44":0,"45":0,"46":0,"47":3,"48":3,"49":0,"50":0,"51":0,"52":0,"53":3,"54":3,"55":0,"56":0,"57":0,"58":0,"59":0,"60":0,"61":3,"62":3,"63":0,"64":0,"65":0,"66":0,"67":0,"68":0,"69":0,"70":0,"71":0,"72":0,"73":0,"74":0,"75":0,"76":0,"77":0,"78":0,"79":0,"80":0,"81":0,"82":0,"83":0,"84":3,"85":3,"86":0,"87":0,"88":0,"89":0,"90":0,"91":0,"92":0,"93":3},"f":{"0":0,"1":0,"2":0,"3":0,"4":0,"5":0,"6":0},"b":{"0":[0],"1":[0],"2":[0],"3":[0],"4":[0],"5":[0],"6":[0],"7":[0],"8":[0],"9":[0],"10":[0],"11":[0],"12":[0],"13":[0],"14":[0],"15":[0],"16":[0],"17":[0],"18":[0],"19":[0]}}
,"/Users/lerosier/Code/autoformation/Test/smartbookshop/backend/src/middlewares/auth.middleware.ts": {"path":"/Users/lerosier/Code/autoformation/Test/smartbookshop/backend/src/middlewares/auth.middleware.ts","statementMap":{"0":{"start":{"line":2,"column":0},"end":{"line":2,"column":63}},"1":{"start":{"line":3,"column":0},"end":{"line":3,"column":43}},"2":{"start":{"line":17,"column":28},"end":{"line":35,"column":1}},"3":{"start":{"line":18,"column":2},"end":{"line":34,"column":3}},"4":{"start":{"line":19,"column":23},"end":{"line":19,"column":48}},"5":{"start":{"line":21,"column":4},"end":{"line":24,"column":5}},"6":{"start":{"line":22,"column":6},"end":{"line":22,"column":68}},"7":{"start":{"line":23,"column":6},"end":{"line":23,"column":13}},"8":{"start":{"line":26,"column":18},"end":{"line":26,"column":42}},"9":{"start":{"line":27,"column":20},"end":{"line":27,"column":38}},"10":{"start":{"line":29,"column":4},"end":{"line":29,"column":23}},"11":{"start":{"line":30,"column":4},"end":{"line":30,"column":11}},"12":{"start":{"line":32,"column":4},"end":{"line":32,"column":63}},"13":{"start":{"line":33,"column":4},"end":{"line":33,"column":66}},"14":{"start":{"line":17,"column":13},"end":{"line":17,"column":28}},"15":{"start":{"line":40,"column":23},"end":{"line":46,"column":1}},"16":{"start":{"line":41,"column":2},"end":{"line":44,"column":3}},"17":{"start":{"line":42,"column":4},"end":{"line":42,"column":82}},"18":{"start":{"line":43,"column":4},"end":{"line":43,"column":11}},"19":{"start":{"line":45,"column":2},"end":{"line":45,"column":9}},"20":{"start":{"line":40,"column":13},"end":{"line":40,"column":23}}},"fnMap":{"0":{"name":"(anonymous_1)","decl":{"start":{"line":17,"column":28},"end":{"line":17,"column":29}},"loc":{"start":{"line":17,"column":86},"end":{"line":35,"column":1}}},"1":{"name":"(anonymous_2)","decl":{"start":{"line":40,"column":23},"end":{"line":40,"column":24}},"loc":{"start":{"line":40,"column":81},"end":{"line":46,"column":1}}}},"branchMap":{"0":{"loc":{"start":{"line":21,"column":4},"end":{"line":24,"column":5}},"type":"if","locations":[{"start":{"line":21,"column":4},"end":{"line":24,"column":5}}]},"1":{"loc":{"start":{"line":21,"column":8},"end":{"line":21,"column":56}},"type":"binary-expr","locations":[{"start":{"line":21,"column":8},"end":{"line":21,"column":19}},{"start":{"line":21,"column":23},"end":{"line":21,"column":56}}]},"2":{"loc":{"start":{"line":41,"column":2},"end":{"line":44,"column":3}},"type":"if","locations":[{"start":{"line":41,"column":2},"end":{"line":44,"column":3}}]},"3":{"loc":{"start":{"line":41,"column":6},"end":{"line":41,"column":44}},"type":"binary-expr","locations":[{"start":{"line":41,"column":6},"end":{"line":41,"column":15}},{"start":{"line":41,"column":19},"end":{"line":41,"column":44}}]}},"s":{"0":3,"1":3,"2":3,"3":18,"4":18,"5":18,"6":1,"7":1,"8":17,"9":17,"10":17,"11":17,"12":0,"13":0,"14":3,"15":3,"16":6,"17":3,"18":3,"19":3,"20":3},"f":{"0":18,"1":6},"b":{"0":[1],"1":[18,17],"2":[3],"3":[6,6]}}
,"/Users/lerosier/Code/autoformation/Test/smartbookshop/backend/src/middlewares/error.middleware.ts": {"path":"/Users/lerosier/Code/autoformation/Test/smartbookshop/backend/src/middlewares/error.middleware.ts","statementMap":{"0":{"start":{"line":2,"column":0},"end":{"line":2,"column":43}},"1":{"start":{"line":3,"column":0},"end":{"line":3,"column":43}},"2":{"start":{"line":12,"column":4},"end":{"line":12,"column":19}},"3":{"start":{"line":13,"column":4},"end":{"line":13,"column":33}},"4":{"start":{"line":14,"column":4},"end":{"line":14,"column":38}},"5":{"start":{"line":15,"column":4},"end":{"line":15,"column":52}},"6":{"start":{"line":8,"column":0},"end":{"line":8,"column":13}},"7":{"start":{"line":22,"column":31},"end":{"line":25,"column":1}},"8":{"start":{"line":23,"column":2},"end":{"line":23,"column":69}},"9":{"start":{"line":24,"column":2},"end":{"line":24,"column":57}},"10":{"start":{"line":22,"column":13},"end":{"line":22,"column":31}},"11":{"start":{"line":30,"column":28},"end":{"line":40,"column":1}},"12":{"start":{"line":31,"column":21},"end":{"line":31,"column":67}},"13":{"start":{"line":32,"column":18},"end":{"line":32,"column":60}},"14":{"start":{"line":34,"column":2},"end":{"line":34,"column":91}},"15":{"start":{"line":36,"column":2},"end":{"line":39,"column":5}},"16":{"start":{"line":30,"column":13},"end":{"line":30,"column":28}}},"fnMap":{"0":{"name":"(anonymous_1)","decl":{"start":{"line":11,"column":2},"end":{"line":11,"column":14}},"loc":{"start":{"line":11,"column":49},"end":{"line":16,"column":3}}},"1":{"name":"(anonymous_2)","decl":{"start":{"line":22,"column":31},"end":{"line":22,"column":32}},"loc":{"start":{"line":22,"column":63},"end":{"line":25,"column":1}}},"2":{"name":"(anonymous_3)","decl":{"start":{"line":30,"column":28},"end":{"line":30,"column":29}},"loc":{"start":{"line":30,"column":103},"end":{"line":40,"column":1}}}},"branchMap":{"0":{"loc":{"start":{"line":31,"column":21},"end":{"line":31,"column":67}},"type":"cond-expr","locations":[{"start":{"line":31,"column":47},"end":{"line":31,"column":61}},{"start":{"line":31,"column":64},"end":{"line":31,"column":67}}]},"1":{"loc":{"start":{"line":32,"column":18},"end":{"line":32,"column":60}},"type":"binary-expr","locations":[{"start":{"line":32,"column":18},"end":{"line":32,"column":29}},{"start":{"line":32,"column":33},"end":{"line":32,"column":60}}]},"2":{"loc":{"start":{"line":38,"column":11},"end":{"line":38,"column":65}},"type":"cond-expr","locations":[{"start":{"line":38,"column":44},"end":{"line":38,"column":53}},{"start":{"line":38,"column":56},"end":{"line":38,"column":65}}]}},"s":{"0":3,"1":3,"2":5,"3":5,"4":5,"5":5,"6":3,"7":3,"8":0,"9":0,"10":3,"11":3,"12":5,"13":5,"14":5,"15":5,"16":3},"f":{"0":5,"1":0,"2":5},"b":{"0":[5,0],"1":[5,0],"2":[0,5]}}
,"/Users/lerosier/Code/autoformation/Test/smartbookshop/backend/src/models/book.model.ts": {"path":"/Users/lerosier/Code/autoformation/Test/smartbookshop/backend/src/models/book.model.ts","statementMap":{"0":{"start":{"line":1,"column":0},"end":{"line":1,"column":54}},"1":{"start":{"line":14,"column":19},"end":{"line":47,"column":null}},"2":{"start":{"line":50,"column":13},"end":{"line":50,"column":54}},"3":{"start":{"line":51,"column":0},"end":{"line":51,"column":20}}},"fnMap":{},"branchMap":{},"s":{"0":3,"1":3,"2":3,"3":3},"f":{},"b":{}}
,"/Users/lerosier/Code/autoformation/Test/smartbookshop/backend/src/models/cart.model.ts": {"path":"/Users/lerosier/Code/autoformation/Test/smartbookshop/backend/src/models/cart.model.ts","statementMap":{"0":{"start":{"line":1,"column":0},"end":{"line":1,"column":54}},"1":{"start":{"line":10,"column":23},"end":{"line":21,"column":2}},"2":{"start":{"line":32,"column":19},"end":{"line":41,"column":null}},"3":{"start":{"line":44,"column":13},"end":{"line":44,"column":54}},"4":{"start":{"line":45,"column":0},"end":{"line":45,"column":20}}},"fnMap":{},"branchMap":{},"s":{"0":3,"1":3,"2":3,"3":3,"4":3},"f":{},"b":{}}
,"/Users/lerosier/Code/autoformation/Test/smartbookshop/backend/src/models/index.model.ts": {"path":"/Users/lerosier/Code/autoformation/Test/smartbookshop/backend/src/models/index.model.ts","statementMap":{"0":{"start":{"line":2,"column":0},"end":{"line":2,"column":9}},"1":{"start":{"line":2,"column":9},"end":{"line":2,"column":24}},"2":{"start":{"line":3,"column":0},"end":{"line":3,"column":9}},"3":{"start":{"line":3,"column":9},"end":{"line":3,"column":24}},"4":{"start":{"line":4,"column":0},"end":{"line":4,"column":9}},"5":{"start":{"line":4,"column":9},"end":{"line":4,"column":24}}},"fnMap":{"0":{"name":"(anonymous_1)","decl":{"start":{"line":2,"column":9},"end":{"line":2,"column":16}},"loc":{"start":{"line":2,"column":9},"end":{"line":2,"column":24}}},"1":{"name":"(anonymous_2)","decl":{"start":{"line":3,"column":9},"end":{"line":3,"column":16}},"loc":{"start":{"line":3,"column":9},"end":{"line":3,"column":24}}},"2":{"name":"(anonymous_3)","decl":{"start":{"line":4,"column":9},"end":{"line":4,"column":16}},"loc":{"start":{"line":4,"column":9},"end":{"line":4,"column":24}}}},"branchMap":{},"s":{"0":3,"1":57,"2":3,"3":56,"4":3,"5":41},"f":{"0":54,"1":53,"2":38},"b":{}}
,"/Users/lerosier/Code/autoformation/Test/smartbookshop/backend/src/models/user.model.ts": {"path":"/Users/lerosier/Code/autoformation/Test/smartbookshop/backend/src/models/user.model.ts","statementMap":{"0":{"start":{"line":1,"column":0},"end":{"line":1,"column":54}},"1":{"start":{"line":13,"column":19},"end":{"line":38,"column":null}},"2":{"start":{"line":41,"column":13},"end":{"line":41,"column":54}},"3":{"start":{"line":42,"column":0},"end":{"line":42,"column":20}}},"fnMap":{},"branchMap":{},"s":{"0":3,"1":3,"2":3,"3":3},"f":{},"b":{}}
,"/Users/lerosier/Code/autoformation/Test/smartbookshop/backend/src/routes/auth.routes.ts": {"path":"/Users/lerosier/Code/autoformation/Test/smartbookshop/backend/src/routes/auth.routes.ts","statementMap":{"0":{"start":{"line":1,"column":0},"end":{"line":1,"column":33}},"1":{"start":{"line":2,"column":0},"end":{"line":2,"column":65}},"2":{"start":{"line":4,"column":15},"end":{"line":4,"column":23}},"3":{"start":{"line":6,"column":0},"end":{"line":6,"column":50}},"4":{"start":{"line":7,"column":0},"end":{"line":7,"column":44}},"5":{"start":{"line":9,"column":0},"end":{"line":9,"column":22}}},"fnMap":{},"branchMap":{},"s":{"0":3,"1":3,"2":3,"3":3,"4":3,"5":3},"f":{},"b":{}}
,"/Users/lerosier/Code/autoformation/Test/smartbookshop/backend/src/routes/book.routes.ts": {"path":"/Users/lerosier/Code/autoformation/Test/smartbookshop/backend/src/routes/book.routes.ts","statementMap":{"0":{"start":{"line":1,"column":0},"end":{"line":1,"column":33}},"1":{"start":{"line":2,"column":0},"end":{"line":2,"column":65}},"2":{"start":{"line":3,"column":0},"end":{"line":3,"column":71}},"3":{"start":{"line":5,"column":15},"end":{"line":5,"column":23}},"4":{"start":{"line":8,"column":0},"end":{"line":8,"column":44}},"5":{"start":{"line":9,"column":0},"end":{"line":9,"column":47}},"6":{"start":{"line":12,"column":0},"end":{"line":12,"column":67}},"7":{"start":{"line":13,"column":0},"end":{"line":13,"column":69}},"8":{"start":{"line":14,"column":0},"end":{"line":14,"column":72}},"9":{"start":{"line":16,"column":0},"end":{"line":16,"column":22}}},"fnMap":{},"branchMap":{},"s":{"0":3,"1":3,"2":3,"3":3,"4":3,"5":3,"6":3,"7":3,"8":3,"9":3},"f":{},"b":{}}
,"/Users/lerosier/Code/autoformation/Test/smartbookshop/backend/src/routes/cart.routes.ts": {"path":"/Users/lerosier/Code/autoformation/Test/smartbookshop/backend/src/routes/cart.routes.ts","statementMap":{"0":{"start":{"line":1,"column":0},"end":{"line":1,"column":33}},"1":{"start":{"line":2,"column":0},"end":{"line":2,"column":65}},"2":{"start":{"line":3,"column":0},"end":{"line":3,"column":62}},"3":{"start":{"line":5,"column":15},"end":{"line":5,"column":23}},"4":{"start":{"line":8,"column":0},"end":{"line":8,"column":25}},"5":{"start":{"line":10,"column":0},"end":{"line":10,"column":40}},"6":{"start":{"line":11,"column":0},"end":{"line":11,"column":52}},"7":{"start":{"line":12,"column":0},"end":{"line":12,"column":60}},"8":{"start":{"line":13,"column":0},"end":{"line":13,"column":63}},"9":{"start":{"line":14,"column":0},"end":{"line":14,"column":45}},"10":{"start":{"line":16,"column":0},"end":{"line":16,"column":22}}},"fnMap":{},"branchMap":{},"s":{"0":3,"1":3,"2":3,"3":3,"4":3,"5":3,"6":3,"7":3,"8":3,"9":3,"10":3},"f":{},"b":{}}
,"/Users/lerosier/Code/autoformation/Test/smartbookshop/backend/src/routes/index.routes.ts": {"path":"/Users/lerosier/Code/autoformation/Test/smartbookshop/backend/src/routes/index.routes.ts","statementMap":{"0":{"start":{"line":1,"column":0},"end":{"line":1,"column":33}},"1":{"start":{"line":2,"column":0},"end":{"line":2,"column":39}},"2":{"start":{"line":3,"column":0},"end":{"line":3,"column":39}},"3":{"start":{"line":4,"column":0},"end":{"line":4,"column":39}},"4":{"start":{"line":5,"column":0},"end":{"line":5,"column":39}},"5":{"start":{"line":7,"column":15},"end":{"line":7,"column":23}},"6":{"start":{"line":10,"column":0},"end":{"line":10,"column":32}},"7":{"start":{"line":11,"column":0},"end":{"line":11,"column":33}},"8":{"start":{"line":12,"column":0},"end":{"line":12,"column":32}},"9":{"start":{"line":13,"column":0},"end":{"line":13,"column":33}},"10":{"start":{"line":15,"column":0},"end":{"line":15,"column":22}}},"fnMap":{},"branchMap":{},"s":{"0":3,"1":3,"2":3,"3":3,"4":3,"5":3,"6":3,"7":3,"8":3,"9":3,"10":3},"f":{},"b":{}}
,"/Users/lerosier/Code/autoformation/Test/smartbookshop/backend/src/routes/user.routes.ts": {"path":"/Users/lerosier/Code/autoformation/Test/smartbookshop/backend/src/routes/user.routes.ts","statementMap":{"0":{"start":{"line":1,"column":0},"end":{"line":1,"column":33}},"1":{"start":{"line":2,"column":0},"end":{"line":2,"column":65}},"2":{"start":{"line":3,"column":0},"end":{"line":3,"column":71}},"3":{"start":{"line":5,"column":15},"end":{"line":5,"column":23}},"4":{"start":{"line":8,"column":0},"end":{"line":8,"column":25}},"5":{"start":{"line":11,"column":0},"end":{"line":11,"column":45}},"6":{"start":{"line":12,"column":0},"end":{"line":12,"column":48}},"7":{"start":{"line":13,"column":0},"end":{"line":13,"column":51}},"8":{"start":{"line":16,"column":0},"end":{"line":16,"column":53}},"9":{"start":{"line":17,"column":0},"end":{"line":17,"column":56}},"10":{"start":{"line":18,"column":0},"end":{"line":18,"column":55}},"11":{"start":{"line":19,"column":0},"end":{"line":19,"column":58}},"12":{"start":{"line":21,"column":0},"end":{"line":21,"column":22}}},"fnMap":{},"branchMap":{},"s":{"0":3,"1":3,"2":3,"3":3,"4":3,"5":3,"6":3,"7":3,"8":3,"9":3,"10":3,"11":3,"12":3},"f":{},"b":{}}
,"/Users/lerosier/Code/autoformation/Test/smartbookshop/backend/src/tests/utils/test-utils.ts": {"path":"/Users/lerosier/Code/autoformation/Test/smartbookshop/backend/src/tests/utils/test-utils.ts","statementMap":{"0":{"start":{"line":2,"column":0},"end":{"line":2,"column":60}},"1":{"start":{"line":3,"column":0},"end":{"line":3,"column":58}},"2":{"start":{"line":4,"column":0},"end":{"line":4,"column":54}},"3":{"start":{"line":25,"column":30},"end":{"line":40,"column":1}},"4":{"start":{"line":26,"column":23},"end":{"line":26,"column":57}},"5":{"start":{"line":27,"column":15},"end":{"line":32,"column":4}},"6":{"start":{"line":34,"column":16},"end":{"line":37,"column":4}},"7":{"start":{"line":39,"column":2},"end":{"line":39,"column":54}},"8":{"start":{"line":25,"column":13},"end":{"line":25,"column":30}},"9":{"start":{"line":43,"column":30},"end":{"line":54,"column":1}},"10":{"start":{"line":44,"column":15},"end":{"line":51,"column":4}},"11":{"start":{"line":53,"column":2},"end":{"line":53,"column":37}},"12":{"start":{"line":43,"column":13},"end":{"line":43,"column":30}},"13":{"start":{"line":57,"column":30},"end":{"line":64,"column":1}},"14":{"start":{"line":58,"column":15},"end":{"line":61,"column":4}},"15":{"start":{"line":63,"column":2},"end":{"line":63,"column":14}},"16":{"start":{"line":57,"column":13},"end":{"line":57,"column":30}},"17":{"start":{"line":67,"column":29},"end":{"line":71,"column":1}},"18":{"start":{"line":68,"column":2},"end":{"line":68,"column":28}},"19":{"start":{"line":69,"column":2},"end":{"line":69,"column":28}},"20":{"start":{"line":70,"column":2},"end":{"line":70,"column":28}},"21":{"start":{"line":67,"column":13},"end":{"line":67,"column":29}}},"fnMap":{"0":{"name":"(anonymous_0)","decl":{"start":{"line":25,"column":30},"end":{"line":25,"column":35}},"loc":{"start":{"line":25,"column":76},"end":{"line":40,"column":1}}},"1":{"name":"(anonymous_1)","decl":{"start":{"line":43,"column":30},"end":{"line":43,"column":35}},"loc":{"start":{"line":43,"column":60},"end":{"line":54,"column":1}}},"2":{"name":"(anonymous_2)","decl":{"start":{"line":57,"column":30},"end":{"line":57,"column":35}},"loc":{"start":{"line":57,"column":71},"end":{"line":64,"column":1}}},"3":{"name":"(anonymous_3)","decl":{"start":{"line":67,"column":29},"end":{"line":67,"column":34}},"loc":{"start":{"line":67,"column":40},"end":{"line":71,"column":1}}}},"branchMap":{"0":{"loc":{"start":{"line":25,"column":37},"end":{"line":25,"column":72}},"type":"default-arg","locations":[{"start":{"line":25,"column":64},"end":{"line":25,"column":72}}]}},"s":{"0":3,"1":3,"2":3,"3":3,"4":26,"5":26,"6":26,"7":26,"8":3,"9":3,"10":17,"11":17,"12":3,"13":3,"14":0,"15":0,"16":3,"17":3,"18":21,"19":21,"20":21,"21":3},"f":{"0":26,"1":17,"2":0,"3":21},"b":{"0":[0]}}
,"/Users/lerosier/Code/autoformation/Test/smartbookshop/backend/src/utils/jwt.utils.ts": {"path":"/Users/lerosier/Code/autoformation/Test/smartbookshop/backend/src/utils/jwt.utils.ts","statementMap":{"0":{"start":{"line":1,"column":0},"end":{"line":1,"column":56}},"1":{"start":{"line":2,"column":0},"end":{"line":2,"column":43}},"2":{"start":{"line":14,"column":29},"end":{"line":23,"column":1}},"3":{"start":{"line":15,"column":25},"end":{"line":15,"column":64}},"4":{"start":{"line":16,"column":31},"end":{"line":20,"column":4}},"5":{"start":{"line":22,"column":2},"end":{"line":22,"column":44}},"6":{"start":{"line":14,"column":13},"end":{"line":14,"column":29}},"7":{"start":{"line":30,"column":27},"end":{"line":37,"column":1}},"8":{"start":{"line":31,"column":2},"end":{"line":36,"column":3}},"9":{"start":{"line":32,"column":27},"end":{"line":32,"column":66}},"10":{"start":{"line":33,"column":4},"end":{"line":33,"column":53}},"11":{"start":{"line":35,"column":4},"end":{"line":35,"column":48}},"12":{"start":{"line":30,"column":13},"end":{"line":30,"column":27}}},"fnMap":{"0":{"name":"(anonymous_1)","decl":{"start":{"line":14,"column":29},"end":{"line":14,"column":30}},"loc":{"start":{"line":14,"column":63},"end":{"line":23,"column":1}}},"1":{"name":"(anonymous_2)","decl":{"start":{"line":30,"column":27},"end":{"line":30,"column":28}},"loc":{"start":{"line":30,"column":59},"end":{"line":37,"column":1}}}},"branchMap":{"0":{"loc":{"start":{"line":15,"column":25},"end":{"line":15,"column":64}},"type":"binary-expr","locations":[{"start":{"line":15,"column":25},"end":{"line":15,"column":39}},{"start":{"line":15,"column":43},"end":{"line":15,"column":64}}]},"1":{"loc":{"start":{"line":19,"column":16},"end":{"line":19,"column":43}},"type":"binary-expr","locations":[{"start":{"line":19,"column":16},"end":{"line":19,"column":34}},{"start":{"line":19,"column":38},"end":{"line":19,"column":43}}]},"2":{"loc":{"start":{"line":32,"column":27},"end":{"line":32,"column":66}},"type":"binary-expr","locations":[{"start":{"line":32,"column":27},"end":{"line":32,"column":41}},{"start":{"line":32,"column":45},"end":{"line":32,"column":66}}]}},"s":{"0":3,"1":3,"2":3,"3":28,"4":28,"5":28,"6":3,"7":3,"8":17,"9":17,"10":17,"11":0,"12":3},"f":{"0":28,"1":17},"b":{"0":[28,0],"1":[28,0],"2":[17,0]}}
,"/Users/lerosier/Code/autoformation/Test/smartbookshop/backend/src/utils/logger.utils.ts": {"path":"/Users/lerosier/Code/autoformation/Test/smartbookshop/backend/src/utils/logger.utils.ts","statementMap":{"0":{"start":{"line":1,"column":0},"end":{"line":1,"column":43}},"1":{"start":{"line":10,"column":22},"end":{"line":10,"column":46}},"2":{"start":{"line":11,"column":23},"end":{"line":11,"column":63}},"3":{"start":{"line":12,"column":4},"end":{"line":12,"column":77}},"4":{"start":{"line":19,"column":4},"end":{"line":19,"column":59}},"5":{"start":{"line":26,"column":4},"end":{"line":26,"column":60}},"6":{"start":{"line":33,"column":4},"end":{"line":33,"column":62}},"7":{"start":{"line":34,"column":4},"end":{"line":36,"column":5}},"8":{"start":{"line":35,"column":6},"end":{"line":35,"column":33}},"9":{"start":{"line":43,"column":4},"end":{"line":45,"column":5}},"10":{"start":{"line":44,"column":6},"end":{"line":44,"column":64}},"11":{"start":{"line":49,"column":0},"end":{"line":49,"column":22}}},"fnMap":{"0":{"name":"(anonymous_0)","decl":{"start":{"line":9,"column":10},"end":{"line":9,"column":16}},"loc":{"start":{"line":9,"column":75},"end":{"line":13,"column":3}}},"1":{"name":"(anonymous_1)","decl":{"start":{"line":18,"column":9},"end":{"line":18,"column":15}},"loc":{"start":{"line":18,"column":48},"end":{"line":20,"column":3}}},"2":{"name":"(anonymous_2)","decl":{"start":{"line":25,"column":9},"end":{"line":25,"column":15}},"loc":{"start":{"line":25,"column":48},"end":{"line":27,"column":3}}},"3":{"name":"(anonymous_3)","decl":{"start":{"line":32,"column":9},"end":{"line":32,"column":15}},"loc":{"start":{"line":32,"column":64},"end":{"line":37,"column":3}}},"4":{"name":"(anonymous_4)","decl":{"start":{"line":42,"column":9},"end":{"line":42,"column":15}},"loc":{"start":{"line":42,"column":49},"end":{"line":46,"column":3}}}},"branchMap":{"0":{"loc":{"start":{"line":11,"column":23},"end":{"line":11,"column":63}},"type":"cond-expr","locations":[{"start":{"line":11,"column":30},"end":{"line":11,"column":58}},{"start":{"line":11,"column":61},"end":{"line":11,"column":63}}]},"1":{"loc":{"start":{"line":34,"column":4},"end":{"line":36,"column":5}},"type":"if","locations":[{"start":{"line":34,"column":4},"end":{"line":36,"column":5}}]},"2":{"loc":{"start":{"line":34,"column":8},"end":{"line":34,"column":62}},"type":"binary-expr","locations":[{"start":{"line":34,"column":8},"end":{"line":34,"column":13}},{"start":{"line":34,"column":17},"end":{"line":34,"column":28}},{"start":{"line":34,"column":32},"end":{"line":34,"column":62}}]},"3":{"loc":{"start":{"line":43,"column":4},"end":{"line":45,"column":5}},"type":"if","locations":[{"start":{"line":43,"column":4},"end":{"line":45,"column":5}}]}},"s":{"0":3,"1":10,"2":10,"3":10,"4":5,"5":0,"6":5,"7":5,"8":0,"9":0,"10":0,"11":3},"f":{"0":10,"1":5,"2":0,"3":5,"4":0},"b":{"0":[5,5],"1":[0],"2":[5,5,5],"3":[0]}}
,"/Users/lerosier/Code/autoformation/Test/smartbookshop/backend/src/utils/password.utils.ts": {"path":"/Users/lerosier/Code/autoformation/Test/smartbookshop/backend/src/utils/password.utils.ts","statementMap":{"0":{"start":{"line":1,"column":0},"end":{"line":1,"column":28}},"1":{"start":{"line":6,"column":28},"end":{"line":9,"column":1}},"2":{"start":{"line":7,"column":21},"end":{"line":7,"column":23}},"3":{"start":{"line":8,"column":2},"end":{"line":8,"column":43}},"4":{"start":{"line":6,"column":13},"end":{"line":6,"column":28}},"5":{"start":{"line":14,"column":31},"end":{"line":16,"column":1}},"6":{"start":{"line":15,"column":2},"end":{"line":15,"column":55}},"7":{"start":{"line":14,"column":13},"end":{"line":14,"column":31}}},"fnMap":{"0":{"name":"(anonymous_1)","decl":{"start":{"line":6,"column":28},"end":{"line":6,"column":33}},"loc":{"start":{"line":6,"column":72},"end":{"line":9,"column":1}}},"1":{"name":"(anonymous_2)","decl":{"start":{"line":14,"column":31},"end":{"line":14,"column":36}},"loc":{"start":{"line":14,"column":105},"end":{"line":16,"column":1}}}},"branchMap":{},"s":{"0":3,"1":3,"2":28,"3":28,"4":3,"5":3,"6":1,"7":3},"f":{"0":28,"1":1},"b":{}}
}
