TN:
SF:src/app.ts
FN:15,(anonymous_1)
FNF:1
FNH:0
FNDA:0,(anonymous_1)
DA:1,3
DA:2,3
DA:4,3
DA:5,3
DA:7,3
DA:10,3
DA:11,3
DA:12,3
DA:15,3
DA:16,0
DA:20,3
DA:23,3
DA:24,3
DA:26,3
LF:14
LH:13
BRF:0
BRH:0
end_of_record
TN:
SF:src/config/env.config.ts
FNF:0
FNH:0
DA:1,3
DA:2,3
DA:4,3
LF:3
LH:3
BRDA:5,0,0,3
BRDA:5,0,1,0
BRDA:6,1,0,3
BRDA:6,1,1,0
BRDA:7,2,0,3
BRDA:7,2,1,0
BRDA:8,3,0,3
BRDA:8,3,1,0
BRDA:9,4,0,3
BRDA:9,4,1,0
BRF:10
BRH:5
end_of_record
TN:
SF:src/controllers/auth.controller.ts
FN:12,(anonymous_1)
FN:62,(anonymous_2)
FNF:2
FNH:2
FNDA:2,(anonymous_1)
FNDA:2,(anonymous_2)
DA:2,3
DA:3,3
DA:4,3
DA:5,3
DA:6,3
DA:12,3
DA:13,2
DA:14,2
DA:17,2
DA:18,2
DA:19,1
DA:23,1
DA:26,1
DA:33,1
DA:36,1
DA:41,1
DA:44,1
DA:55,1
DA:62,3
DA:63,2
DA:64,2
DA:67,2
DA:69,2
DA:70,1
DA:74,1
DA:75,1
DA:76,0
DA:80,1
DA:85,1
DA:88,1
DA:99,1
LF:31
LH:30
BRDA:18,0,0,1
BRDA:69,1,0,1
BRDA:75,2,0,0
BRF:3
BRH:2
end_of_record
TN:
SF:src/controllers/book.controller.ts
FN:9,(anonymous_1)
FN:21,(anonymous_2)
FN:36,(anonymous_3)
FN:69,(anonymous_4)
FN:97,(anonymous_5)
FNF:5
FNH:5
FNDA:1,(anonymous_1)
FNDA:3,(anonymous_2)
FNDA:1,(anonymous_3)
FNDA:1,(anonymous_4)
FNDA:1,(anonymous_5)
DA:2,3
DA:3,3
DA:4,3
DA:9,3
DA:10,1
DA:11,1
DA:12,1
DA:14,0
DA:21,3
DA:22,3
DA:23,3
DA:24,3
DA:25,2
DA:27,1
DA:29,2
DA:36,3
DA:37,1
DA:38,1
DA:41,1
DA:42,1
DA:43,0
DA:46,1
DA:55,1
DA:57,1
DA:62,0
DA:69,3
DA:70,1
DA:71,1
DA:73,1
DA:79,1
DA:80,0
DA:83,1
DA:85,1
DA:90,0
DA:97,3
DA:98,1
DA:99,1
DA:101,1
DA:102,0
DA:105,1
DA:107,1
DA:111,0
LF:42
LH:35
BRDA:24,0,0,2
BRDA:42,1,0,0
BRDA:79,2,0,0
BRDA:101,3,0,0
BRF:4
BRH:1
end_of_record
TN:
SF:src/controllers/cart.controller.ts
FN:9,(anonymous_0)
FN:31,(anonymous_1)
FN:69,(anonymous_2)
FN:97,(anonymous_3)
FN:128,(anonymous_4)
FN:154,(anonymous_5)
FN:169,(anonymous_6)
FN:186,(anonymous_7)
FNF:8
FNH:8
FNDA:1,(anonymous_0)
FNDA:7,(anonymous_1)
FNDA:1,(anonymous_2)
FNDA:1,(anonymous_3)
FNDA:1,(anonymous_4)
FNDA:1,(anonymous_5)
FNDA:1,(anonymous_6)
FNDA:1,(anonymous_7)
DA:2,3
DA:3,3
DA:9,3
DA:10,1
DA:11,1
DA:12,0
DA:15,1
DA:18,1
DA:19,1
DA:22,1
DA:24,0
DA:31,3
DA:32,7
DA:33,7
DA:34,0
DA:37,7
DA:40,7
DA:41,0
DA:44,7
DA:45,1
DA:49,6
DA:50,6
DA:51,0
DA:55,6
DA:56,0
DA:60,6
DA:61,6
DA:62,5
DA:69,6
DA:71,6
DA:73,1
DA:76,5
DA:83,6
DA:85,6
DA:90,1
DA:97,3
DA:98,1
DA:99,1
DA:100,0
DA:103,1
DA:104,1
DA:107,1
DA:108,0
DA:112,1
DA:113,1
DA:114,0
DA:117,1
DA:118,0
DA:122,1
DA:123,1
DA:124,0
DA:128,1
DA:129,1
DA:130,0
DA:134,1
DA:137,1
DA:140,1
DA:142,1
DA:147,0
DA:154,3
DA:155,1
DA:156,1
DA:157,0
DA:160,1
DA:163,1
DA:164,1
DA:165,0
DA:169,1
DA:172,1
DA:174,1
DA:179,0
DA:186,3
DA:187,1
DA:188,1
DA:189,0
DA:193,1
DA:194,1
DA:195,0
DA:199,1
DA:202,1
DA:204,1
DA:209,0
LF:82
LH:63
BRDA:11,0,0,0
BRDA:18,1,0,1
BRDA:33,2,0,0
BRDA:40,3,0,0
BRDA:44,4,0,1
BRDA:44,5,0,7
BRDA:44,5,1,7
BRDA:44,5,2,7
BRDA:50,6,0,0
BRDA:55,7,0,0
BRDA:61,8,0,5
BRDA:71,9,0,1
BRDA:71,9,1,5
BRDA:99,10,0,0
BRDA:107,11,0,0
BRDA:113,12,0,0
BRDA:117,13,0,0
BRDA:123,14,0,0
BRDA:129,15,0,0
BRDA:156,16,0,0
BRDA:164,17,0,0
BRDA:188,18,0,0
BRDA:194,19,0,0
BRF:23
BRH:8
end_of_record
TN:
SF:src/controllers/user.controller.ts
FN:10,(anonymous_1)
FN:31,(anonymous_2)
FN:78,(anonymous_3)
FN:105,(anonymous_4)
FN:117,(anonymous_5)
FN:134,(anonymous_6)
FN:178,(anonymous_7)
FNF:7
FNH:0
FNDA:0,(anonymous_1)
FNDA:0,(anonymous_2)
FNDA:0,(anonymous_3)
FNDA:0,(anonymous_4)
FNDA:0,(anonymous_5)
FNDA:0,(anonymous_6)
FNDA:0,(anonymous_7)
DA:2,3
DA:3,3
DA:4,3
DA:5,3
DA:10,3
DA:11,0
DA:12,0
DA:13,0
DA:16,0
DA:18,0
DA:19,0
DA:22,0
DA:24,0
DA:31,3
DA:32,0
DA:33,0
DA:34,0
DA:37,0
DA:40,0
DA:41,0
DA:42,0
DA:43,0
DA:48,0
DA:49,0
DA:50,0
DA:51,0
DA:54,0
DA:60,0
DA:61,0
DA:64,0
DA:66,0
DA:71,0
DA:78,3
DA:79,0
DA:80,0
DA:81,0
DA:84,0
DA:86,0
DA:87,0
DA:90,0
DA:92,0
DA:96,0
DA:105,3
DA:106,0
DA:107,0
DA:108,0
DA:110,0
DA:117,3
DA:118,0
DA:119,0
DA:121,0
DA:122,0
DA:125,0
DA:127,0
DA:134,3
DA:135,0
DA:136,0
DA:139,0
DA:140,0
DA:141,0
DA:142,0
DA:147,0
DA:148,0
DA:149,0
DA:150,0
DA:151,0
DA:154,0
DA:160,0
DA:161,0
DA:164,0
DA:166,0
DA:171,0
DA:178,3
DA:179,0
DA:180,0
DA:182,0
DA:183,0
DA:186,0
DA:188,0
DA:192,0
LF:80
LH:11
BRDA:12,0,0,0
BRDA:18,1,0,0
BRDA:33,2,0,0
BRDA:40,3,0,0
BRDA:42,4,0,0
BRDA:49,5,0,0
BRDA:50,6,0,0
BRDA:51,7,0,0
BRDA:60,8,0,0
BRDA:80,9,0,0
BRDA:86,10,0,0
BRDA:121,11,0,0
BRDA:139,12,0,0
BRDA:141,13,0,0
BRDA:148,14,0,0
BRDA:149,15,0,0
BRDA:150,16,0,0
BRDA:151,17,0,0
BRDA:160,18,0,0
BRDA:182,19,0,0
BRF:20
BRH:0
end_of_record
TN:
SF:src/middlewares/auth.middleware.ts
FN:17,(anonymous_1)
FN:40,(anonymous_2)
FNF:2
FNH:2
FNDA:18,(anonymous_1)
FNDA:6,(anonymous_2)
DA:2,3
DA:3,3
DA:17,3
DA:18,18
DA:19,18
DA:21,18
DA:22,1
DA:23,1
DA:26,17
DA:27,17
DA:29,17
DA:30,17
DA:32,0
DA:33,0
DA:40,3
DA:41,6
DA:42,3
DA:43,3
DA:45,3
LF:19
LH:17
BRDA:21,0,0,1
BRDA:21,1,0,18
BRDA:21,1,1,17
BRDA:41,2,0,3
BRDA:41,3,0,6
BRDA:41,3,1,6
BRF:6
BRH:6
end_of_record
TN:
SF:src/middlewares/error.middleware.ts
FN:11,(anonymous_1)
FN:22,(anonymous_2)
FN:30,(anonymous_3)
FNF:3
FNH:2
FNDA:5,(anonymous_1)
FNDA:0,(anonymous_2)
FNDA:5,(anonymous_3)
DA:2,3
DA:3,3
DA:8,3
DA:12,5
DA:13,5
DA:14,5
DA:15,5
DA:22,3
DA:23,0
DA:24,0
DA:30,3
DA:31,5
DA:32,5
DA:34,5
DA:36,5
LF:15
LH:13
BRDA:31,0,0,5
BRDA:31,0,1,0
BRDA:32,1,0,5
BRDA:32,1,1,0
BRDA:38,2,0,0
BRDA:38,2,1,5
BRF:6
BRH:3
end_of_record
TN:
SF:src/models/book.model.ts
FNF:0
FNH:0
DA:1,3
DA:14,3
DA:50,3
DA:51,3
LF:4
LH:4
BRF:0
BRH:0
end_of_record
TN:
SF:src/models/cart.model.ts
FNF:0
FNH:0
DA:1,3
DA:10,3
DA:32,3
DA:44,3
DA:45,3
LF:5
LH:5
BRF:0
BRH:0
end_of_record
TN:
SF:src/models/index.model.ts
FN:2,(anonymous_1)
FN:3,(anonymous_2)
FN:4,(anonymous_3)
FNF:3
FNH:3
FNDA:54,(anonymous_1)
FNDA:53,(anonymous_2)
FNDA:38,(anonymous_3)
DA:2,57
DA:3,56
DA:4,41
LF:3
LH:3
BRF:0
BRH:0
end_of_record
TN:
SF:src/models/user.model.ts
FNF:0
FNH:0
DA:1,3
DA:13,3
DA:41,3
DA:42,3
LF:4
LH:4
BRF:0
BRH:0
end_of_record
TN:
SF:src/routes/auth.routes.ts
FNF:0
FNH:0
DA:1,3
DA:2,3
DA:4,3
DA:6,3
DA:7,3
DA:9,3
LF:6
LH:6
BRF:0
BRH:0
end_of_record
TN:
SF:src/routes/book.routes.ts
FNF:0
FNH:0
DA:1,3
DA:2,3
DA:3,3
DA:5,3
DA:8,3
DA:9,3
DA:12,3
DA:13,3
DA:14,3
DA:16,3
LF:10
LH:10
BRF:0
BRH:0
end_of_record
TN:
SF:src/routes/cart.routes.ts
FNF:0
FNH:0
DA:1,3
DA:2,3
DA:3,3
DA:5,3
DA:8,3
DA:10,3
DA:11,3
DA:12,3
DA:13,3
DA:14,3
DA:16,3
LF:11
LH:11
BRF:0
BRH:0
end_of_record
TN:
SF:src/routes/index.routes.ts
FNF:0
FNH:0
DA:1,3
DA:2,3
DA:3,3
DA:4,3
DA:5,3
DA:7,3
DA:10,3
DA:11,3
DA:12,3
DA:13,3
DA:15,3
LF:11
LH:11
BRF:0
BRH:0
end_of_record
TN:
SF:src/routes/user.routes.ts
FNF:0
FNH:0
DA:1,3
DA:2,3
DA:3,3
DA:5,3
DA:8,3
DA:11,3
DA:12,3
DA:13,3
DA:16,3
DA:17,3
DA:18,3
DA:19,3
DA:21,3
LF:13
LH:13
BRF:0
BRH:0
end_of_record
TN:
SF:src/tests/utils/test-utils.ts
FN:25,(anonymous_0)
FN:43,(anonymous_1)
FN:57,(anonymous_2)
FN:67,(anonymous_3)
FNF:4
FNH:3
FNDA:26,(anonymous_0)
FNDA:17,(anonymous_1)
FNDA:0,(anonymous_2)
FNDA:21,(anonymous_3)
DA:2,3
DA:3,3
DA:4,3
DA:25,3
DA:26,26
DA:27,26
DA:34,26
DA:39,26
DA:43,3
DA:44,17
DA:53,17
DA:57,3
DA:58,0
DA:63,0
DA:67,3
DA:68,21
DA:69,21
DA:70,21
LF:18
LH:16
BRDA:25,0,0,0
BRF:1
BRH:0
end_of_record
TN:
SF:src/utils/jwt.utils.ts
FN:14,(anonymous_1)
FN:30,(anonymous_2)
FNF:2
FNH:2
FNDA:28,(anonymous_1)
FNDA:17,(anonymous_2)
DA:1,3
DA:2,3
DA:14,3
DA:15,28
DA:16,28
DA:22,28
DA:30,3
DA:31,17
DA:32,17
DA:33,17
DA:35,0
LF:11
LH:10
BRDA:15,0,0,28
BRDA:15,0,1,0
BRDA:19,1,0,28
BRDA:19,1,1,0
BRDA:32,2,0,17
BRDA:32,2,1,0
BRF:6
BRH:3
end_of_record
TN:
SF:src/utils/logger.utils.ts
FN:9,(anonymous_0)
FN:18,(anonymous_1)
FN:25,(anonymous_2)
FN:32,(anonymous_3)
FN:42,(anonymous_4)
FNF:5
FNH:3
FNDA:10,(anonymous_0)
FNDA:5,(anonymous_1)
FNDA:0,(anonymous_2)
FNDA:5,(anonymous_3)
FNDA:0,(anonymous_4)
DA:1,3
DA:10,10
DA:11,10
DA:12,10
DA:19,5
DA:26,0
DA:33,5
DA:34,5
DA:35,0
DA:43,0
DA:44,0
DA:49,3
LF:12
LH:8
BRDA:11,0,0,5
BRDA:11,0,1,5
BRDA:34,1,0,0
BRDA:34,2,0,5
BRDA:34,2,1,5
BRDA:34,2,2,5
BRDA:43,3,0,0
BRF:7
BRH:5
end_of_record
TN:
SF:src/utils/password.utils.ts
FN:6,(anonymous_1)
FN:14,(anonymous_2)
FNF:2
FNH:2
FNDA:28,(anonymous_1)
FNDA:1,(anonymous_2)
DA:1,3
DA:6,3
DA:7,28
DA:8,28
DA:14,3
DA:15,1
LF:6
LH:6
BRF:0
BRH:0
end_of_record
